0
999990
1999980
2999970
3999960
4999950
5999940
6999930
7999920
8999910
9999900
10999890
11999880
12999870
13999860
14999850
15999840
16999830
17999820
18999810
19999800
20999790
21999780
22999770
23999760
24999750
25999740
26999730
27999720
28999710
29999700
30999690
31999680
32999670
33999660
34999650
35999640
36999630
37999620
38999610
39999600
40999590
41999580
42999570
43999560
44999550
45999540
46999530
47999520
48999510
49999500
50999490
51999480
52999470
53999460
54999450
55999440
56999430
57999420
58999410
59999400
60999390
61999380
62999370
63999360
64999350
65999340
66999330
67999320
68999310
69999300
70999290
71999280
72999270
73999260
